2022-10-30 12:51:03 INFO  User 'user1' authenticate successfully
2022-10-30 12:51:03 INFO  printer1-test1.txt has been added to the printing queue
2022-10-30 12:51:03 INFO  printer1-test2.txt has been added to the printing queue
2022-10-30 12:51:03 INFO  printer1-test3.txt has been added to the printing queue
2022-10-30 12:51:03 INFO  printer2-test4.txt has been added to the printing queue
2022-10-30 12:51:03 INFO  printer1-test5.txt has been added to the printing queue
2022-10-30 12:51:03 INFO  printer1-The current tasks are: 
<1> <test1.txt>
<2> <test2.txt>
<3> <test3.txt>
<4> <test5.txt>

2022-10-30 12:51:03 INFO  printer1-The 3th job has been moved to the top
2022-10-30 12:51:03 INFO  printer1-The current tasks are: 
<1> <test3.txt>
<2> <test1.txt>
<3> <test2.txt>
<4> <test5.txt>

2022-10-30 12:51:03 INFO  printer1-There are 4 tasks in the Queue
2022-10-30 12:51:03 INFO  printer1-The Queue is cleared
2022-10-30 12:51:03 INFO  printer2-The Queue is cleared
2022-10-30 12:51:03 INFO  User 'user1' authenticate successfully
2022-10-30 12:51:03 INFO  printer1-The current tasks are: 
None
2022-10-30 12:51:03 INFO  printer2-The current tasks are: 
None
2022-10-30 12:51:03 INFO  The 'printers' configuration has been set to '2'
2022-10-30 12:51:03 INFO  The value of the printers configuration is 2.
