2022-11-15 13:15:22 INFO  User 'Cecilia' is requesting the use of service 'topQueue'
2022-11-15 13:15:22 INFO  User 'Cecilia' is allowed to use service 'topQueue'
2022-11-15 13:15:22 INFO  printer1-The 2th job has been moved to the top
2022-11-15 13:15:22 INFO  User 'Cecilia' is requesting the use of service 'status'
2022-11-15 13:15:22 INFO  User 'Cecilia' is forbidden to use service 'status'
2022-11-15 13:15:22 INFO  User 'Cecilia' is requesting the use of service 'restart'
2022-11-15 13:15:23 INFO  User 'Cecilia' is allowed to use service 'restart'
2022-11-15 13:15:23 INFO  printer1-The Queue is cleared
2022-11-15 13:15:23 INFO  printer2-The Queue is cleared
2022-11-15 13:15:23 INFO  User 'Cecilia' authenticate successfully
2022-11-15 13:15:23 INFO  User 'Cecilia' is requesting the use of service 'setConfig'
2022-11-15 13:15:23 INFO  User 'Cecilia' is forbidden to use service 'setConfig'
2022-11-15 13:15:23 INFO  User 'Cecilia' is requesting the use of service 'readConfig'
2022-11-15 13:15:24 INFO  User 'Cecilia' is forbidden to use service 'readConfig'
2022-11-15 13:15:24 INFO  User 'Cecilia' is requesting the use of service 'stop'
2022-11-15 13:15:24 INFO  User 'Cecilia' is forbidden to use service 'stop'
2022-11-15 13:15:25 INFO  User 'David' authenticate successfully
2022-11-15 13:15:25 INFO  User 'David' is requesting the use of service 'start'
2022-11-15 13:15:25 INFO  User 'David' is forbidden to use service 'start'
2022-11-15 13:15:25 INFO  User 'David' is requesting the use of service 'print'
2022-11-15 13:15:26 INFO  User 'David' is allowed to use service 'print'
2022-11-15 13:15:26 INFO  printer1-test1_Cecilia has been added to the printing queue
2022-11-15 13:15:26 INFO  User 'David' is requesting the use of service 'queue'
2022-11-15 13:15:26 INFO  User 'David' is allowed to use service 'queue'
2022-11-15 13:15:26 INFO  printer1-The current tasks are: 
<1> <test1_Cecilia>

2022-11-15 13:15:26 INFO  User 'David' is requesting the use of service 'print'
2022-11-15 13:15:26 INFO  User 'David' is allowed to use service 'print'
2022-11-15 13:15:26 INFO  printer1-test2_Cecilia has been added to the printing queue
2022-11-15 13:15:26 INFO  User 'David' is requesting the use of service 'topQueue'
2022-11-15 13:15:26 INFO  User 'David' is forbidden to use service 'topQueue'
2022-11-15 13:15:26 INFO  User 'David' is requesting the use of service 'status'
2022-11-15 13:15:27 INFO  User 'David' is forbidden to use service 'status'
2022-11-15 13:15:27 INFO  User 'David' is requesting the use of service 'restart'
2022-11-15 13:15:27 INFO  User 'David' is forbidden to use service 'restart'
2022-11-15 13:15:27 INFO  User 'David' is requesting the use of service 'setConfig'
2022-11-15 13:15:27 INFO  User 'David' is forbidden to use service 'setConfig'
2022-11-15 13:15:27 INFO  User 'David' is requesting the use of service 'readConfig'
2022-11-15 13:15:27 INFO  User 'David' is forbidden to use service 'readConfig'
2022-11-15 13:15:27 INFO  User 'David' is requesting the use of service 'stop'
2022-11-15 13:15:28 INFO  User 'David' is forbidden to use service 'stop'
2022-11-15 13:15:29 INFO  User 'Alice' authenticate successfully
2022-11-15 13:15:29 INFO  User 'Alice' is requesting the use of service 'stop'
2022-11-15 13:15:29 INFO  User 'Alice' is allowed to use service 'stop'
2022-11-15 13:15:30 INFO  User 'Alice' authenticate successfully
2022-11-15 13:15:30 INFO  User 'Alice' is requesting the use of service 'start'
2022-11-15 13:15:30 INFO  User 'Alice' is allowed to use service 'start'
2022-11-15 13:15:30 INFO  User 'Alice' is requesting the use of service 'print'
2022-11-15 13:15:30 INFO  User 'Alice' is allowed to use service 'print'
2022-11-15 13:15:30 INFO  printer1-test1_Alice has been added to the printing queue
2022-11-15 13:15:30 INFO  User 'Alice' is requesting the use of service 'queue'
2022-11-15 13:15:30 INFO  User 'Alice' is allowed to use service 'queue'
2022-11-15 13:15:30 INFO  printer1-The current tasks are: 
<1> <test1_Cecilia>
<2> <test2_Cecilia>
<3> <test1_Alice>

2022-11-15 13:15:30 INFO  User 'Alice' is requesting the use of service 'print'
2022-11-15 13:15:31 INFO  User 'Alice' is allowed to use service 'print'
2022-11-15 13:15:31 INFO  printer1-test2_Alice has been added to the printing queue
2022-11-15 13:15:31 INFO  User 'Alice' is requesting the use of service 'topQueue'
2022-11-15 13:15:31 INFO  User 'Alice' is allowed to use service 'topQueue'
2022-11-15 13:15:31 INFO  printer1-The 2th job has been moved to the top
2022-11-15 13:15:31 INFO  User 'Alice' is requesting the use of service 'status'
2022-11-15 13:15:31 INFO  User 'Alice' is allowed to use service 'status'
2022-11-15 13:15:31 INFO  printer1-There are 4 tasks in the Queue
2022-11-15 13:15:31 INFO  User 'Alice' is requesting the use of service 'restart'
2022-11-15 13:15:31 INFO  User 'Alice' is allowed to use service 'restart'
2022-11-15 13:15:31 INFO  printer1-The Queue is cleared
2022-11-15 13:15:31 INFO  printer2-The Queue is cleared
2022-11-15 13:15:32 INFO  User 'Alice' authenticate successfully
2022-11-15 13:15:32 INFO  User 'Alice' is requesting the use of service 'setConfig'
2022-11-15 13:15:32 INFO  User 'Alice' is allowed to use service 'setConfig'
2022-11-15 13:15:32 INFO  The 'paramAlice' configuration has been set to 'Alice'
2022-11-15 13:15:32 INFO  User 'Alice' is requesting the use of service 'readConfig'
2022-11-15 13:15:32 INFO  User 'Alice' is allowed to use service 'readConfig'
2022-11-15 13:15:32 INFO  The value of the paramAlice configuration is Alice.
2022-11-15 13:15:32 INFO  User 'Alice' is requesting the use of service 'stop'
2022-11-15 13:15:33 INFO  User 'Alice' is allowed to use service 'stop'
2022-11-15 13:19:39 INFO  User 'Bob' authenticate successfully
2022-11-15 13:19:39 INFO  User 'Bob' is requesting the use of service 'start'
2022-11-15 13:19:40 INFO  User 'Cecilia' authenticate successfully
2022-11-15 13:19:40 INFO  User 'Cecilia' is requesting the use of service 'start'
2022-11-15 13:19:42 INFO  User 'David' authenticate successfully
2022-11-15 13:19:42 INFO  User 'David' is requesting the use of service 'start'
2022-11-15 13:19:43 INFO  User 'Alice' authenticate successfully
2022-11-15 13:19:43 INFO  User 'Alice' is requesting the use of service 'stop'
2022-11-15 13:21:28 INFO  User 'Bob' authenticate successfully
2022-11-15 13:21:38 INFO  User 'Bob' is requesting the use of service 'start'
2022-11-15 13:24:17 INFO  User 'Bob' authenticate successfully
2022-11-15 13:24:17 INFO  User 'Bob' is requesting the use of service 'start'
2022-11-15 13:24:18 INFO  User 'Bob' with role 'janitor&service_tech' is allowed to use service 'start'
2022-11-15 13:24:18 INFO  User 'Bob' is requesting the use of service 'print'
2022-11-15 13:24:19 INFO  User 'Bob' with role 'janitor&service_tech' is forbidden to use service 'print'
2022-11-15 13:24:19 INFO  User 'Bob' is requesting the use of service 'queue'
2022-11-15 13:24:20 INFO  User 'Bob' with role 'janitor&service_tech' is forbidden to use service 'queue'
2022-11-15 13:24:20 INFO  User 'Bob' is requesting the use of service 'print'
2022-11-15 13:24:20 INFO  User 'Bob' with role 'janitor&service_tech' is forbidden to use service 'print'
2022-11-15 13:24:20 INFO  User 'Bob' is requesting the use of service 'topQueue'
2022-11-15 13:24:21 INFO  User 'Bob' with role 'janitor&service_tech' is forbidden to use service 'topQueue'
2022-11-15 13:24:21 INFO  User 'Bob' is requesting the use of service 'status'
2022-11-15 13:24:22 INFO  User 'Bob' with role 'janitor&service_tech' is allowed to use service 'status'
2022-11-15 13:24:22 INFO  printer1-There are 0 tasks in the Queue
2022-11-15 13:24:22 INFO  User 'Bob' is requesting the use of service 'restart'
2022-11-15 13:24:23 INFO  User 'Bob' with role 'janitor&service_tech' is allowed to use service 'restart'
2022-11-15 13:24:23 INFO  printer1-The Queue is cleared
2022-11-15 13:24:23 INFO  printer2-The Queue is cleared
2022-11-15 13:24:23 INFO  User 'Bob' authenticate successfully
2022-11-15 13:24:23 INFO  User 'Bob' is requesting the use of service 'setConfig'
2022-11-15 13:24:24 INFO  User 'Bob' with role 'janitor&service_tech' is allowed to use service 'setConfig'
2022-11-15 13:24:24 INFO  The 'paramBob' configuration has been set to 'Bob'
2022-11-15 13:24:24 INFO  User 'Bob' is requesting the use of service 'readConfig'
2022-11-15 13:24:24 INFO  User 'Bob' with role 'janitor&service_tech' is allowed to use service 'readConfig'
2022-11-15 13:24:24 INFO  The value of the paramBob configuration is Bob.
2022-11-15 13:24:24 INFO  User 'Bob' is requesting the use of service 'stop'
2022-11-15 13:24:25 INFO  User 'Bob' with role 'janitor&service_tech' is allowed to use service 'stop'
2022-11-15 13:24:25 INFO  User 'Bob' authenticate successfully
2022-11-15 13:24:25 INFO  User 'Bob' is requesting the use of service 'start'
2022-11-15 13:24:26 INFO  User 'Bob' with role 'janitor&service_tech' is allowed to use service 'start'
2022-11-15 13:24:28 INFO  User 'Cecilia' authenticate successfully
2022-11-15 13:24:28 INFO  User 'Cecilia' is requesting the use of service 'start'
2022-11-15 13:24:28 INFO  User 'Cecilia' with role 'power_user' is forbidden to use service 'start'
2022-11-15 13:24:28 INFO  User 'Cecilia' is requesting the use of service 'print'
2022-11-15 13:24:29 INFO  User 'Cecilia' with role 'power_user' is allowed to use service 'print'
2022-11-15 13:24:29 INFO  printer1-test1_Cecilia has been added to the printing queue
2022-11-15 13:24:29 INFO  User 'Cecilia' is requesting the use of service 'queue'
2022-11-15 13:24:29 INFO  User 'Cecilia' with role 'power_user' is allowed to use service 'queue'
2022-11-15 13:24:29 INFO  printer1-The current tasks are: 
<1> <test1_Cecilia>

2022-11-15 13:24:29 INFO  User 'Cecilia' is requesting the use of service 'print'
2022-11-15 13:24:30 INFO  User 'Cecilia' with role 'power_user' is allowed to use service 'print'
2022-11-15 13:24:30 INFO  printer1-test2_Cecilia has been added to the printing queue
2022-11-15 13:24:30 INFO  User 'Cecilia' is requesting the use of service 'topQueue'
2022-11-15 13:24:30 INFO  User 'Cecilia' with role 'power_user' is allowed to use service 'topQueue'
2022-11-15 13:24:30 INFO  printer1-The 2th job has been moved to the top
