2022-11-13 19:17:07 INFO  User 'Bob' is forbidden to use service 'queue'
2022-11-13 19:17:07 INFO  User 'Bob' is requesting the use of service 'print'
2022-11-13 19:17:07 INFO  User 'Bob' is forbidden to use service 'print'
2022-11-13 19:17:07 INFO  User 'Bob' is requesting the use of service 'topQueue'
2022-11-13 19:17:07 INFO  User 'Bob' is forbidden to use service 'topQueue'
2022-11-13 19:17:07 INFO  User 'Bob' is requesting the use of service 'status'
2022-11-13 19:17:07 INFO  User 'Bob' is allowed to use service 'status'
2022-11-13 19:17:07 INFO  printer1-There are 0 tasks in the Queue
2022-11-13 19:17:07 INFO  User 'Bob' is requesting the use of service 'restart'
2022-11-13 19:17:08 INFO  User 'Bob' is allowed to use service 'restart'
2022-11-13 19:17:08 INFO  printer1-The Queue is cleared
2022-11-13 19:17:08 INFO  printer2-The Queue is cleared
2022-11-13 19:17:08 INFO  User 'Bob' authenticate successfully
2022-11-13 19:17:08 INFO  User 'Bob' is requesting the use of service 'setConfig'
2022-11-13 19:17:09 INFO  User 'Bob' is allowed to use service 'setConfig'
2022-11-13 19:17:09 INFO  The 'paramBob' configuration has been set to 'Bob'
2022-11-13 19:17:09 INFO  User 'Bob' is requesting the use of service 'readConfig'
2022-11-13 19:17:09 INFO  User 'Bob' is allowed to use service 'readConfig'
2022-11-13 19:17:09 INFO  The value of the paramBob configuration is Bob.
2022-11-13 19:17:09 INFO  User 'Bob' is requesting the use of service 'stop'
2022-11-13 19:17:09 INFO  User 'Bob' is allowed to use service 'stop'
2022-11-13 19:17:09 INFO  User 'Bob' authenticate successfully
2022-11-13 19:17:09 INFO  User 'Bob' is requesting the use of service 'start'
2022-11-13 19:17:10 INFO  User 'Bob' is allowed to use service 'start'
2022-11-13 19:17:11 INFO  User 'Cecilia' authenticate successfully
2022-11-13 19:17:11 INFO  User 'Cecilia' is requesting the use of service 'start'
2022-11-13 19:17:11 INFO  User 'Cecilia' is forbidden to use service 'start'
2022-11-13 19:17:11 INFO  User 'Cecilia' is requesting the use of service 'print'
2022-11-13 19:17:12 INFO  User 'Cecilia' is allowed to use service 'print'
2022-11-13 19:17:12 INFO  printer1-test1_Cecilia has been added to the printing queue
2022-11-13 19:17:12 INFO  User 'Cecilia' is requesting the use of service 'queue'
2022-11-13 19:17:12 INFO  User 'Cecilia' is allowed to use service 'queue'
2022-11-13 19:17:12 INFO  printer1-The current tasks are: 
<1> <test1_Cecilia>

2022-11-13 19:17:12 INFO  User 'Cecilia' is requesting the use of service 'print'
2022-11-13 19:17:12 INFO  User 'Cecilia' is allowed to use service 'print'
2022-11-13 19:17:12 INFO  printer1-test2_Cecilia has been added to the printing queue
2022-11-13 19:17:12 INFO  User 'Cecilia' is requesting the use of service 'topQueue'
2022-11-13 19:17:12 INFO  User 'Cecilia' is allowed to use service 'topQueue'
2022-11-13 19:17:12 INFO  printer1-The 2th job has been moved to the top
2022-11-13 19:17:12 INFO  User 'Cecilia' is requesting the use of service 'status'
2022-11-13 19:17:13 INFO  User 'Cecilia' is forbidden to use service 'status'
2022-11-13 19:17:13 INFO  User 'Cecilia' is requesting the use of service 'restart'
2022-11-13 19:17:13 INFO  User 'Cecilia' is allowed to use service 'restart'
2022-11-13 19:17:13 INFO  printer1-The Queue is cleared
2022-11-13 19:17:13 INFO  printer2-The Queue is cleared
2022-11-13 19:17:13 INFO  User 'Cecilia' authenticate successfully
2022-11-13 19:17:13 INFO  User 'Cecilia' is requesting the use of service 'setConfig'
2022-11-13 19:17:14 INFO  User 'Cecilia' is forbidden to use service 'setConfig'
2022-11-13 19:17:14 INFO  User 'Cecilia' is requesting the use of service 'readConfig'
2022-11-13 19:17:14 INFO  User 'Cecilia' is forbidden to use service 'readConfig'
2022-11-13 19:17:14 INFO  User 'Cecilia' is requesting the use of service 'stop'
2022-11-13 19:17:14 INFO  User 'Cecilia' is forbidden to use service 'stop'
2022-11-13 19:17:16 INFO  User 'David' authenticate successfully
2022-11-13 19:17:16 INFO  User 'David' is requesting the use of service 'start'
2022-11-13 19:17:16 INFO  User 'David' is forbidden to use service 'start'
2022-11-13 19:17:16 INFO  User 'David' is requesting the use of service 'print'
2022-11-13 19:17:16 INFO  User 'David' is allowed to use service 'print'
2022-11-13 19:17:16 INFO  printer1-test1_Cecilia has been added to the printing queue
2022-11-13 19:17:16 INFO  User 'David' is requesting the use of service 'queue'
2022-11-13 19:17:16 INFO  User 'David' is allowed to use service 'queue'
2022-11-13 19:17:16 INFO  printer1-The current tasks are: 
<1> <test1_Cecilia>

2022-11-13 19:17:16 INFO  User 'David' is requesting the use of service 'print'
2022-11-13 19:17:17 INFO  User 'David' is allowed to use service 'print'
2022-11-13 19:17:17 INFO  printer1-test2_Cecilia has been added to the printing queue
2022-11-13 19:17:17 INFO  User 'David' is requesting the use of service 'topQueue'
2022-11-13 19:17:17 INFO  User 'David' is forbidden to use service 'topQueue'
2022-11-13 19:17:17 INFO  User 'David' is requesting the use of service 'status'
2022-11-13 19:17:17 INFO  User 'David' is forbidden to use service 'status'
2022-11-13 19:17:17 INFO  User 'David' is requesting the use of service 'restart'
2022-11-13 19:17:17 INFO  User 'David' is forbidden to use service 'restart'
2022-11-13 19:17:17 INFO  User 'David' is requesting the use of service 'setConfig'
2022-11-13 19:17:18 INFO  User 'David' is forbidden to use service 'setConfig'
2022-11-13 19:17:18 INFO  User 'David' is requesting the use of service 'readConfig'
2022-11-13 19:17:18 INFO  User 'David' is forbidden to use service 'readConfig'
2022-11-13 19:17:18 INFO  User 'David' is requesting the use of service 'stop'
2022-11-13 19:17:18 INFO  User 'David' is forbidden to use service 'stop'
2022-11-13 19:17:19 INFO  User 'Alice' authenticate successfully
2022-11-13 19:17:19 INFO  User 'Alice' is requesting the use of service 'stop'
2022-11-13 19:17:20 INFO  User 'Alice' is allowed to use service 'stop'
2022-11-13 19:17:20 INFO  User 'Alice' authenticate successfully
2022-11-13 19:17:20 INFO  User 'Alice' is requesting the use of service 'start'
2022-11-13 19:17:20 INFO  User 'Alice' is allowed to use service 'start'
2022-11-13 19:17:20 INFO  User 'Alice' is requesting the use of service 'print'
2022-11-13 19:17:21 INFO  User 'Alice' is allowed to use service 'print'
2022-11-13 19:17:21 INFO  printer1-test1_Alice has been added to the printing queue
2022-11-13 19:17:21 INFO  User 'Alice' is requesting the use of service 'queue'
2022-11-13 19:17:21 INFO  User 'Alice' is allowed to use service 'queue'
2022-11-13 19:17:21 INFO  printer1-The current tasks are: 
<1> <test1_Cecilia>
<2> <test2_Cecilia>
<3> <test1_Alice>

2022-11-13 19:17:21 INFO  User 'Alice' is requesting the use of service 'print'
2022-11-13 19:17:21 INFO  User 'Alice' is allowed to use service 'print'
2022-11-13 19:17:21 INFO  printer1-test2_Alice has been added to the printing queue
2022-11-13 19:17:21 INFO  User 'Alice' is requesting the use of service 'topQueue'
2022-11-13 19:17:21 INFO  User 'Alice' is allowed to use service 'topQueue'
2022-11-13 19:17:21 INFO  printer1-The 2th job has been moved to the top
2022-11-13 19:17:21 INFO  User 'Alice' is requesting the use of service 'status'
2022-11-13 19:17:22 INFO  User 'Alice' is allowed to use service 'status'
2022-11-13 19:17:22 INFO  printer1-There are 4 tasks in the Queue
2022-11-13 19:17:22 INFO  User 'Alice' is requesting the use of service 'restart'
2022-11-13 19:17:22 INFO  User 'Alice' is allowed to use service 'restart'
2022-11-13 19:17:22 INFO  printer1-The Queue is cleared
2022-11-13 19:17:22 INFO  printer2-The Queue is cleared
2022-11-13 19:17:22 INFO  User 'Alice' authenticate successfully
2022-11-13 19:17:22 INFO  User 'Alice' is requesting the use of service 'setConfig'
2022-11-13 19:17:23 INFO  User 'Alice' is allowed to use service 'setConfig'
2022-11-13 19:17:23 INFO  The 'paramAlice' configuration has been set to 'Alice'
2022-11-13 19:17:23 INFO  User 'Alice' is requesting the use of service 'readConfig'
2022-11-13 19:17:23 INFO  User 'Alice' is allowed to use service 'readConfig'
2022-11-13 19:17:23 INFO  The value of the paramAlice configuration is Alice.
2022-11-13 19:17:23 INFO  User 'Alice' is requesting the use of service 'stop'
2022-11-13 19:17:23 INFO  User 'Alice' is allowed to use service 'stop'
2022-11-13 19:17:28 INFO  User 'Bob' authenticate successfully
2022-11-13 19:17:29 INFO  User 'Bob' is requesting the use of service 'start'
2022-11-13 19:17:29 INFO  User 'Bob' is allowed to use service 'start'
2022-11-13 19:17:29 INFO  User 'Bob' is requesting the use of service 'print'
2022-11-13 19:17:29 INFO  User 'Bob' is forbidden to use service 'print'
2022-11-13 19:17:29 INFO  User 'Bob' is requesting the use of service 'queue'
2022-11-13 19:17:29 INFO  User 'Bob' is forbidden to use service 'queue'
2022-11-13 19:17:29 INFO  User 'Bob' is requesting the use of service 'print'
2022-11-13 19:17:30 INFO  User 'Bob' is forbidden to use service 'print'
2022-11-13 19:17:30 INFO  User 'Bob' is requesting the use of service 'topQueue'
2022-11-13 19:17:30 INFO  User 'Bob' is forbidden to use service 'topQueue'
2022-11-13 19:17:30 INFO  User 'Bob' is requesting the use of service 'status'
2022-11-13 19:17:30 INFO  User 'Bob' is allowed to use service 'status'
2022-11-13 19:17:30 INFO  printer1-There are 0 tasks in the Queue
2022-11-13 19:17:30 INFO  User 'Bob' is requesting the use of service 'restart'
2022-11-13 19:17:30 INFO  User 'Bob' is allowed to use service 'restart'
2022-11-13 19:17:30 INFO  printer1-The Queue is cleared
2022-11-13 19:17:30 INFO  printer2-The Queue is cleared
2022-11-13 19:17:31 INFO  User 'Bob' authenticate successfully
2022-11-13 19:17:31 INFO  User 'Bob' is requesting the use of service 'setConfig'
2022-11-13 19:17:31 INFO  User 'Bob' is allowed to use service 'setConfig'
2022-11-13 19:17:31 INFO  The 'paramBob' configuration has been set to 'Bob'
2022-11-13 19:17:31 INFO  User 'Bob' is requesting the use of service 'readConfig'
2022-11-13 19:17:32 INFO  User 'Bob' is allowed to use service 'readConfig'
2022-11-13 19:17:32 INFO  The value of the paramBob configuration is Bob.
