2022-11-13 17:25:13 INFO  User 'Bob' is requesting the use of service 'readConfig'
2022-11-13 17:25:13 INFO  User 'Bob' is allowed to use service 'readConfig'
2022-11-13 17:25:13 INFO  The value of the paramBob configuration is Bob.
2022-11-13 17:25:13 INFO  User 'Bob' is requesting the use of service 'stop'
2022-11-13 17:25:13 INFO  User 'Bob' is allowed to use service 'stop'
2022-11-13 17:26:31 INFO  User 'Cecilia' authenticate successfully
2022-11-13 17:26:31 INFO  User 'Cecilia' is requesting the use of service 'start'
2022-11-13 17:26:31 INFO  User 'Cecilia' is forbidden to use service 'start'
2022-11-13 17:26:31 INFO  User 'Cecilia' is requesting the use of service 'print'
2022-11-13 17:27:19 INFO  User 'Cecilia' authenticate successfully
2022-11-13 17:27:19 INFO  User 'Cecilia' is requesting the use of service 'start'
2022-11-13 17:27:20 INFO  User 'Cecilia' is forbidden to use service 'start'
2022-11-13 17:27:20 INFO  User 'Cecilia' is requesting the use of service 'print'
2022-11-13 18:45:51 INFO  User 'Alice' authenticate successfully
2022-11-13 18:45:51 INFO  User 'Alice' is requesting the use of service 'start'
2022-11-13 18:45:52 INFO  User 'Alice' is allowed to use service 'start'
2022-11-13 18:45:52 INFO  User 'Alice' is requesting the use of service 'print'
2022-11-13 18:45:52 INFO  User 'Alice' is allowed to use service 'print'
2022-11-13 18:45:52 INFO  printer1-test1_Alice has been added to the printing queue
2022-11-13 18:45:52 INFO  User 'Alice' is requesting the use of service 'queue'
2022-11-13 18:45:52 INFO  User 'Alice' is allowed to use service 'queue'
2022-11-13 18:45:52 INFO  printer1-The current tasks are: 
<1> <test1_Alice>

2022-11-13 18:45:52 INFO  User 'Alice' is requesting the use of service 'print'
2022-11-13 18:45:52 INFO  User 'Alice' is allowed to use service 'print'
2022-11-13 18:45:52 INFO  printer1-test2_Alice has been added to the printing queue
2022-11-13 18:45:52 INFO  User 'Alice' is requesting the use of service 'topQueue'
2022-11-13 18:45:53 INFO  User 'Alice' is allowed to use service 'topQueue'
2022-11-13 18:45:53 INFO  printer1-The 2th job has been moved to the top
2022-11-13 18:45:53 INFO  User 'Alice' is requesting the use of service 'status'
2022-11-13 18:45:53 INFO  User 'Alice' is allowed to use service 'status'
2022-11-13 18:45:53 INFO  printer1-There are 2 tasks in the Queue
2022-11-13 18:45:53 INFO  User 'Alice' is requesting the use of service 'restart'
2022-11-13 18:45:53 INFO  User 'Alice' is allowed to use service 'restart'
2022-11-13 18:45:53 INFO  printer1-The Queue is cleared
2022-11-13 18:45:53 INFO  printer2-The Queue is cleared
2022-11-13 18:45:54 INFO  User 'Alice' authenticate successfully
2022-11-13 18:45:54 INFO  User 'Alice' is requesting the use of service 'setConfig'
2022-11-13 18:45:54 INFO  User 'Alice' is allowed to use service 'setConfig'
2022-11-13 18:45:54 INFO  The 'paramAlice' configuration has been set to 'Alice'
2022-11-13 18:45:54 INFO  User 'Alice' is requesting the use of service 'readConfig'
2022-11-13 18:45:55 INFO  User 'Alice' is allowed to use service 'readConfig'
2022-11-13 18:45:55 INFO  The value of the paramAlice configuration is Alice.
2022-11-13 18:45:55 INFO  User 'Alice' is requesting the use of service 'stop'
2022-11-13 18:45:55 INFO  User 'Alice' is allowed to use service 'stop'
2022-11-13 18:45:56 INFO  User 'Bob' authenticate successfully
2022-11-13 18:45:56 INFO  User 'Bob' is requesting the use of service 'start'
2022-11-13 18:45:56 INFO  User 'Bob' is allowed to use service 'start'
2022-11-13 18:45:56 INFO  User 'Bob' is requesting the use of service 'print'
2022-11-13 18:45:57 INFO  User 'Bob' is forbidden to use service 'print'
2022-11-13 18:45:57 INFO  User 'Bob' is requesting the use of service 'queue'
2022-11-13 18:45:57 INFO  User 'Bob' is forbidden to use service 'queue'
2022-11-13 18:45:57 INFO  User 'Bob' is requesting the use of service 'print'
2022-11-13 18:45:57 INFO  User 'Bob' is forbidden to use service 'print'
2022-11-13 18:45:57 INFO  User 'Bob' is requesting the use of service 'topQueue'
2022-11-13 18:45:58 INFO  User 'Bob' is forbidden to use service 'topQueue'
2022-11-13 18:45:58 INFO  User 'Bob' is requesting the use of service 'status'
2022-11-13 18:45:58 INFO  User 'Bob' is allowed to use service 'status'
2022-11-13 18:45:58 INFO  printer1-There are 0 tasks in the Queue
2022-11-13 18:45:58 INFO  User 'Bob' is requesting the use of service 'restart'
2022-11-13 18:45:58 INFO  User 'Bob' is allowed to use service 'restart'
2022-11-13 18:45:58 INFO  printer1-The Queue is cleared
2022-11-13 18:45:58 INFO  printer2-The Queue is cleared
2022-11-13 18:45:59 INFO  User 'Bob' authenticate successfully
2022-11-13 18:45:59 INFO  User 'Bob' is requesting the use of service 'setConfig'
2022-11-13 18:45:59 INFO  User 'Bob' is allowed to use service 'setConfig'
2022-11-13 18:45:59 INFO  The 'paramBob' configuration has been set to 'Bob'
2022-11-13 18:45:59 INFO  User 'Bob' is requesting the use of service 'readConfig'
2022-11-13 18:45:59 INFO  User 'Bob' is allowed to use service 'readConfig'
2022-11-13 18:45:59 INFO  The value of the paramBob configuration is Bob.
2022-11-13 18:45:59 INFO  User 'Bob' is requesting the use of service 'stop'
2022-11-13 18:46:00 INFO  User 'Bob' is allowed to use service 'stop'
2022-11-13 18:46:00 INFO  User 'Bob' authenticate successfully
2022-11-13 18:46:00 INFO  User 'Bob' is requesting the use of service 'start'
2022-11-13 18:46:00 INFO  User 'Bob' is allowed to use service 'start'
2022-11-13 18:46:02 INFO  User 'Cecilia' authenticate successfully
2022-11-13 18:46:02 INFO  User 'Cecilia' is requesting the use of service 'start'
2022-11-13 18:46:02 INFO  User 'Cecilia' is forbidden to use service 'start'
2022-11-13 18:46:02 INFO  User 'Cecilia' is requesting the use of service 'print'
2022-11-13 18:46:02 INFO  User 'Cecilia' is allowed to use service 'print'
2022-11-13 18:46:02 INFO  printer1-test1_Cecilia has been added to the printing queue
2022-11-13 18:46:02 INFO  User 'Cecilia' is requesting the use of service 'queue'
2022-11-13 18:46:02 INFO  User 'Cecilia' is allowed to use service 'queue'
2022-11-13 18:46:02 INFO  printer1-The current tasks are: 
<1> <test1_Cecilia>

2022-11-13 18:46:02 INFO  User 'Cecilia' is requesting the use of service 'print'
2022-11-13 18:46:03 INFO  User 'Cecilia' is allowed to use service 'print'
2022-11-13 18:46:03 INFO  printer1-test2_Cecilia has been added to the printing queue
2022-11-13 18:46:03 INFO  User 'Cecilia' is requesting the use of service 'topQueue'
2022-11-13 18:46:03 INFO  User 'Cecilia' is allowed to use service 'topQueue'
2022-11-13 18:46:03 INFO  printer1-The 2th job has been moved to the top
2022-11-13 18:46:03 INFO  User 'Cecilia' is requesting the use of service 'status'
2022-11-13 18:46:03 INFO  User 'Cecilia' is forbidden to use service 'status'
2022-11-13 18:46:03 INFO  User 'Cecilia' is requesting the use of service 'restart'
2022-11-13 18:46:04 INFO  User 'Cecilia' is allowed to use service 'restart'
2022-11-13 18:46:04 INFO  printer1-The Queue is cleared
2022-11-13 18:46:04 INFO  printer2-The Queue is cleared
2022-11-13 18:46:04 INFO  User 'Cecilia' authenticate successfully
2022-11-13 18:46:04 INFO  User 'Cecilia' is requesting the use of service 'setConfig'
2022-11-13 18:46:04 INFO  User 'Cecilia' is forbidden to use service 'setConfig'
2022-11-13 18:46:04 INFO  User 'Cecilia' is requesting the use of service 'readConfig'
2022-11-13 18:46:05 INFO  User 'Cecilia' is forbidden to use service 'readConfig'
2022-11-13 18:46:05 INFO  User 'Cecilia' is requesting the use of service 'stop'
2022-11-13 18:46:05 INFO  User 'Cecilia' is forbidden to use service 'stop'
2022-11-13 18:46:06 INFO  User 'David' authenticate successfully
2022-11-13 18:46:06 INFO  User 'David' is requesting the use of service 'start'
2022-11-13 18:46:07 INFO  User 'David' is forbidden to use service 'start'
2022-11-13 18:46:07 INFO  User 'David' is requesting the use of service 'print'
2022-11-13 18:46:07 INFO  User 'David' is allowed to use service 'print'
2022-11-13 18:46:07 INFO  printer1-test1_Cecilia has been added to the printing queue
2022-11-13 18:46:07 INFO  User 'David' is requesting the use of service 'queue'
2022-11-13 18:46:07 INFO  User 'David' is allowed to use service 'queue'
2022-11-13 18:46:07 INFO  printer1-The current tasks are: 
<1> <test1_Cecilia>

2022-11-13 18:46:07 INFO  User 'David' is requesting the use of service 'print'
2022-11-13 18:46:07 INFO  User 'David' is allowed to use service 'print'
2022-11-13 18:46:07 INFO  printer1-test2_Cecilia has been added to the printing queue
2022-11-13 18:46:07 INFO  User 'David' is requesting the use of service 'topQueue'
2022-11-13 18:46:08 INFO  User 'David' is forbidden to use service 'topQueue'
2022-11-13 18:46:08 INFO  User 'David' is requesting the use of service 'status'
2022-11-13 18:46:08 INFO  User 'David' is forbidden to use service 'status'
2022-11-13 18:46:08 INFO  User 'David' is requesting the use of service 'restart'
2022-11-13 18:46:08 INFO  User 'David' is forbidden to use service 'restart'
2022-11-13 18:46:08 INFO  User 'David' is requesting the use of service 'setConfig'
2022-11-13 18:46:09 INFO  User 'David' is forbidden to use service 'setConfig'
2022-11-13 18:46:09 INFO  User 'David' is requesting the use of service 'readConfig'
2022-11-13 18:46:09 INFO  User 'David' is forbidden to use service 'readConfig'
2022-11-13 18:46:09 INFO  User 'David' is requesting the use of service 'stop'
2022-11-13 18:46:09 INFO  User 'David' is forbidden to use service 'stop'
2022-11-13 19:10:47 INFO  User 'Alice' authenticate successfully
2022-11-13 19:10:47 INFO  User 'Alice' is requesting the use of service 'start'
2022-11-13 19:10:48 INFO  User 'Alice' is allowed to use service 'start'
2022-11-13 19:10:48 INFO  User 'Alice' is requesting the use of service 'print'
2022-11-13 19:10:48 INFO  User 'Alice' is allowed to use service 'print'
2022-11-13 19:10:48 INFO  printer1-test1_Alice has been added to the printing queue
2022-11-13 19:10:48 INFO  User 'Alice' is requesting the use of service 'queue'
2022-11-13 19:10:48 INFO  User 'Alice' is allowed to use service 'queue'
2022-11-13 19:10:48 INFO  printer1-The current tasks are: 
<1> <test1_Alice>

