2022-11-13 17:21:25 INFO  User 'Alice' is requesting the use of service 'setConfig'
2022-11-13 17:21:26 INFO  User 'Alice' is allowed to use service 'setConfig'
2022-11-13 17:21:26 INFO  The 'paramAlice' configuration has been set to 'Alice'
2022-11-13 17:21:26 INFO  User 'Alice' is requesting the use of service 'readConfig'
2022-11-13 17:21:26 INFO  User 'Alice' is allowed to use service 'readConfig'
2022-11-13 17:21:26 INFO  The value of the paramAlice configuration is Alice.
2022-11-13 17:23:12 INFO  User 'Alice' authenticate successfully
2022-11-13 17:23:12 INFO  User 'Alice' is requesting the use of service 'print'
2022-11-13 17:23:12 INFO  User 'Alice' is allowed to use service 'print'
2022-11-13 17:23:12 INFO  printer1-test1_Alice has been added to the printing queue
2022-11-13 17:23:12 INFO  User 'Alice' is requesting the use of service 'queue'
2022-11-13 17:23:13 INFO  User 'Alice' is allowed to use service 'queue'
2022-11-13 17:23:13 INFO  printer1-The current tasks are: 
<1> <test1_Alice>

2022-11-13 17:23:13 INFO  User 'Alice' is requesting the use of service 'print'
2022-11-13 17:23:13 INFO  User 'Alice' is allowed to use service 'print'
2022-11-13 17:23:13 INFO  printer1-test2_Alice has been added to the printing queue
2022-11-13 17:23:13 INFO  User 'Alice' is requesting the use of service 'topQueue'
2022-11-13 17:23:13 INFO  User 'Alice' is allowed to use service 'topQueue'
2022-11-13 17:23:13 INFO  printer1-The 2th job has been moved to the top
2022-11-13 17:23:13 INFO  User 'Alice' is requesting the use of service 'status'
2022-11-13 17:23:13 INFO  User 'Alice' is allowed to use service 'status'
2022-11-13 17:23:13 INFO  printer1-There are 2 tasks in the Queue
2022-11-13 17:23:13 INFO  User 'Alice' is requesting the use of service 'restart'
2022-11-13 17:23:14 INFO  User 'Alice' is allowed to use service 'restart'
2022-11-13 17:23:14 INFO  printer1-The Queue is cleared
2022-11-13 17:23:14 INFO  printer2-The Queue is cleared
2022-11-13 17:23:14 INFO  User 'Alice' authenticate successfully
2022-11-13 17:23:14 INFO  User 'Alice' is requesting the use of service 'setConfig'
2022-11-13 17:23:14 INFO  User 'Alice' is allowed to use service 'setConfig'
2022-11-13 17:23:14 INFO  The 'paramAlice' configuration has been set to 'Alice'
2022-11-13 17:23:14 INFO  User 'Alice' is requesting the use of service 'readConfig'
2022-11-13 17:23:15 INFO  User 'Alice' is allowed to use service 'readConfig'
2022-11-13 17:23:15 INFO  The value of the paramAlice configuration is Alice.
2022-11-13 17:23:15 INFO  User 'Alice' is requesting the use of service 'stop'
2022-11-13 17:23:15 INFO  User 'Alice' is allowed to use service 'stop'
2022-11-13 17:23:35 INFO  User 'Alice' authenticate successfully
2022-11-13 17:23:35 INFO  User 'Alice' is requesting the use of service 'start'
2022-11-13 17:23:35 INFO  User 'Alice' is allowed to use service 'start'
2022-11-13 17:23:35 INFO  User 'Alice' is requesting the use of service 'print'
2022-11-13 17:23:35 INFO  User 'Alice' is allowed to use service 'print'
2022-11-13 17:23:35 INFO  printer1-test1_Alice has been added to the printing queue
2022-11-13 17:23:35 INFO  User 'Alice' is requesting the use of service 'queue'
2022-11-13 17:23:36 INFO  User 'Alice' is allowed to use service 'queue'
2022-11-13 17:23:36 INFO  printer1-The current tasks are: 
<1> <test1_Alice>

2022-11-13 17:23:36 INFO  User 'Alice' is requesting the use of service 'print'
2022-11-13 17:23:36 INFO  User 'Alice' is allowed to use service 'print'
2022-11-13 17:23:36 INFO  printer1-test2_Alice has been added to the printing queue
2022-11-13 17:23:36 INFO  User 'Alice' is requesting the use of service 'topQueue'
2022-11-13 17:23:36 INFO  User 'Alice' is allowed to use service 'topQueue'
2022-11-13 17:23:36 INFO  printer1-The 2th job has been moved to the top
2022-11-13 17:23:36 INFO  User 'Alice' is requesting the use of service 'status'
2022-11-13 17:23:36 INFO  User 'Alice' is allowed to use service 'status'
2022-11-13 17:23:36 INFO  printer1-There are 2 tasks in the Queue
2022-11-13 17:23:36 INFO  User 'Alice' is requesting the use of service 'restart'
2022-11-13 17:23:37 INFO  User 'Alice' is allowed to use service 'restart'
2022-11-13 17:23:37 INFO  printer1-The Queue is cleared
2022-11-13 17:23:37 INFO  printer2-The Queue is cleared
2022-11-13 17:23:37 INFO  User 'Alice' authenticate successfully
2022-11-13 17:23:37 INFO  User 'Alice' is requesting the use of service 'setConfig'
2022-11-13 17:23:37 INFO  User 'Alice' is allowed to use service 'setConfig'
2022-11-13 17:23:37 INFO  The 'paramAlice' configuration has been set to 'Alice'
2022-11-13 17:23:37 INFO  User 'Alice' is requesting the use of service 'readConfig'
2022-11-13 17:23:38 INFO  User 'Alice' is allowed to use service 'readConfig'
2022-11-13 17:23:38 INFO  The value of the paramAlice configuration is Alice.
2022-11-13 17:23:38 INFO  User 'Alice' is requesting the use of service 'stop'
2022-11-13 17:23:38 INFO  User 'Alice' is allowed to use service 'stop'
2022-11-13 17:24:09 INFO  User 'Bob' authenticate successfully
2022-11-13 17:24:09 INFO  User 'Bob' is requesting the use of service 'start'
2022-11-13 17:24:10 INFO  User 'Bob' is allowed to use service 'start'
2022-11-13 17:24:10 INFO  User 'Bob' is requesting the use of service 'print'
2022-11-13 17:24:10 INFO  User 'Bob' is forbidden to use service 'print'
2022-11-13 17:24:10 INFO  User 'Bob' is requesting the use of service 'queue'
2022-11-13 17:24:10 INFO  User 'Bob' is forbidden to use service 'queue'
2022-11-13 17:24:10 INFO  User 'Bob' is requesting the use of service 'print'
2022-11-13 17:24:10 INFO  User 'Bob' is forbidden to use service 'print'
2022-11-13 17:24:10 INFO  User 'Bob' is requesting the use of service 'topQueue'
2022-11-13 17:24:11 INFO  User 'Bob' is forbidden to use service 'topQueue'
2022-11-13 17:24:11 INFO  User 'Bob' is requesting the use of service 'status'
2022-11-13 17:24:11 INFO  User 'Bob' is allowed to use service 'status'
2022-11-13 17:24:11 INFO  printer1-There are 0 tasks in the Queue
2022-11-13 17:24:11 INFO  User 'Bob' is requesting the use of service 'restart'
2022-11-13 17:24:11 INFO  User 'Bob' is allowed to use service 'restart'
2022-11-13 17:24:11 INFO  printer1-The Queue is cleared
2022-11-13 17:24:11 INFO  printer2-The Queue is cleared
2022-11-13 17:24:12 INFO  User 'Bob' authenticate successfully
2022-11-13 17:24:12 INFO  User 'Bob' is requesting the use of service 'setConfig'
2022-11-13 17:24:12 INFO  User 'Bob' is allowed to use service 'setConfig'
2022-11-13 17:24:12 INFO  The 'paramBob' configuration has been set to 'Bob'
2022-11-13 17:24:12 INFO  User 'Bob' is requesting the use of service 'readConfig'
2022-11-13 17:24:12 INFO  User 'Bob' is allowed to use service 'readConfig'
2022-11-13 17:24:12 INFO  The value of the paramBob configuration is Bob.
2022-11-13 17:24:54 INFO  User 'Bob' authenticate successfully
2022-11-13 17:24:54 INFO  User 'Bob' is requesting the use of service 'print'
2022-11-13 17:24:54 INFO  User 'Bob' is forbidden to use service 'print'
2022-11-13 17:24:54 INFO  User 'Bob' is requesting the use of service 'queue'
2022-11-13 17:24:54 INFO  User 'Bob' is forbidden to use service 'queue'
2022-11-13 17:24:54 INFO  User 'Bob' is requesting the use of service 'print'
2022-11-13 17:24:55 INFO  User 'Bob' is forbidden to use service 'print'
2022-11-13 17:24:55 INFO  User 'Bob' is requesting the use of service 'topQueue'
2022-11-13 17:24:55 INFO  User 'Bob' is forbidden to use service 'topQueue'
2022-11-13 17:24:55 INFO  User 'Bob' is requesting the use of service 'status'
2022-11-13 17:24:55 INFO  User 'Bob' is allowed to use service 'status'
2022-11-13 17:24:55 INFO  printer1-There are 0 tasks in the Queue
2022-11-13 17:24:55 INFO  User 'Bob' is requesting the use of service 'restart'
2022-11-13 17:24:56 INFO  User 'Bob' is allowed to use service 'restart'
2022-11-13 17:24:56 INFO  printer1-The Queue is cleared
2022-11-13 17:24:56 INFO  printer2-The Queue is cleared
2022-11-13 17:24:56 INFO  User 'Bob' authenticate successfully
2022-11-13 17:24:56 INFO  User 'Bob' is requesting the use of service 'setConfig'
2022-11-13 17:24:56 INFO  User 'Bob' is allowed to use service 'setConfig'
2022-11-13 17:24:56 INFO  The 'paramBob' configuration has been set to 'Bob'
2022-11-13 17:24:56 INFO  User 'Bob' is requesting the use of service 'readConfig'
2022-11-13 17:24:57 INFO  User 'Bob' is allowed to use service 'readConfig'
2022-11-13 17:24:57 INFO  The value of the paramBob configuration is Bob.
2022-11-13 17:24:57 INFO  User 'Bob' is requesting the use of service 'stop'
2022-11-13 17:24:57 INFO  User 'Bob' is allowed to use service 'stop'
2022-11-13 17:25:10 INFO  User 'Bob' authenticate successfully
2022-11-13 17:25:10 INFO  User 'Bob' is requesting the use of service 'start'
2022-11-13 17:25:10 INFO  User 'Bob' is allowed to use service 'start'
2022-11-13 17:25:10 INFO  User 'Bob' is requesting the use of service 'print'
2022-11-13 17:25:11 INFO  User 'Bob' is forbidden to use service 'print'
2022-11-13 17:25:11 INFO  User 'Bob' is requesting the use of service 'queue'
2022-11-13 17:25:11 INFO  User 'Bob' is forbidden to use service 'queue'
2022-11-13 17:25:11 INFO  User 'Bob' is requesting the use of service 'print'
2022-11-13 17:25:11 INFO  User 'Bob' is forbidden to use service 'print'
2022-11-13 17:25:11 INFO  User 'Bob' is requesting the use of service 'topQueue'
2022-11-13 17:25:11 INFO  User 'Bob' is forbidden to use service 'topQueue'
2022-11-13 17:25:11 INFO  User 'Bob' is requesting the use of service 'status'
2022-11-13 17:25:12 INFO  User 'Bob' is allowed to use service 'status'
2022-11-13 17:25:12 INFO  printer1-There are 0 tasks in the Queue
2022-11-13 17:25:12 INFO  User 'Bob' is requesting the use of service 'restart'
2022-11-13 17:25:12 INFO  User 'Bob' is allowed to use service 'restart'
2022-11-13 17:25:12 INFO  printer1-The Queue is cleared
2022-11-13 17:25:12 INFO  printer2-The Queue is cleared
2022-11-13 17:25:12 INFO  User 'Bob' authenticate successfully
2022-11-13 17:25:12 INFO  User 'Bob' is requesting the use of service 'setConfig'
2022-11-13 17:25:13 INFO  User 'Bob' is allowed to use service 'setConfig'
2022-11-13 17:25:13 INFO  The 'paramBob' configuration has been set to 'Bob'
