2022-11-24 14:42:41 INFO  User 'David' is requesting the use of service 'start'
2022-11-24 14:42:41 INFO  User 'David' is forbidden to use service 'start'
2022-11-24 14:42:41 INFO  User 'David' is requesting the use of service 'print'
2022-11-24 14:42:41 INFO  User 'David' is allowed to use service 'print'
2022-11-24 14:42:41 INFO  printer1-test1_Cecilia has been added to the printing queue
2022-11-24 14:42:41 INFO  User 'David' is requesting the use of service 'queue'
2022-11-24 14:42:42 INFO  User 'David' is allowed to use service 'queue'
2022-11-24 14:42:42 INFO  printer1-The current tasks are: 
<1> <test1_Cecilia>

2022-11-24 14:42:42 INFO  User 'David' is requesting the use of service 'print'
2022-11-24 14:42:42 INFO  User 'David' is allowed to use service 'print'
2022-11-24 14:42:42 INFO  printer1-test2_Cecilia has been added to the printing queue
2022-11-24 14:42:42 INFO  User 'David' is requesting the use of service 'topQueue'
2022-11-24 14:42:42 INFO  User 'David' is forbidden to use service 'topQueue'
2022-11-24 14:42:42 INFO  User 'David' is requesting the use of service 'status'
2022-11-24 14:42:43 INFO  User 'David' is forbidden to use service 'status'
2022-11-24 14:42:43 INFO  User 'David' is requesting the use of service 'restart'
2022-11-24 14:42:43 INFO  User 'David' is forbidden to use service 'restart'
2022-11-24 14:42:43 INFO  User 'David' is requesting the use of service 'setConfig'
2022-11-24 14:42:43 INFO  User 'David' is forbidden to use service 'setConfig'
2022-11-24 14:42:43 INFO  User 'David' is requesting the use of service 'readConfig'
2022-11-24 14:42:43 INFO  User 'David' is forbidden to use service 'readConfig'
2022-11-24 14:42:43 INFO  User 'David' is requesting the use of service 'stop'
2022-11-24 14:42:44 INFO  User 'David' is forbidden to use service 'stop'
2022-11-24 14:42:44 INFO  User 'Alice' authenticate successfully
2022-11-24 14:42:44 INFO  User 'Alice' is requesting the use of service 'stop'
2022-11-24 14:42:45 INFO  User 'Alice' is allowed to use service 'stop'
2022-11-24 14:42:45 INFO  User 'Alice' authenticate successfully
2022-11-24 14:42:45 INFO  User 'Alice' is requesting the use of service 'start'
2022-11-24 14:42:45 INFO  User 'Alice' is allowed to use service 'start'
2022-11-24 14:42:45 INFO  User 'Alice' is requesting the use of service 'print'
2022-11-24 14:42:46 INFO  User 'Alice' is allowed to use service 'print'
2022-11-24 14:42:46 INFO  printer1-test1_Alice has been added to the printing queue
2022-11-24 14:42:46 INFO  User 'Alice' is requesting the use of service 'queue'
2022-11-24 14:42:46 INFO  User 'Alice' is allowed to use service 'queue'
2022-11-24 14:42:46 INFO  printer1-The current tasks are: 
<1> <test1_Cecilia>
<2> <test2_Cecilia>
<3> <test1_Alice>

2022-11-24 14:42:46 INFO  User 'Alice' is requesting the use of service 'print'
2022-11-24 14:42:46 INFO  User 'Alice' is allowed to use service 'print'
2022-11-24 14:42:46 INFO  printer1-test2_Alice has been added to the printing queue
2022-11-24 14:42:46 INFO  User 'Alice' is requesting the use of service 'topQueue'
2022-11-24 14:42:47 INFO  User 'Alice' is allowed to use service 'topQueue'
2022-11-24 14:42:47 INFO  printer1-The 2th job has been moved to the top
2022-11-24 14:42:47 INFO  User 'Alice' is requesting the use of service 'status'
2022-11-24 14:42:47 INFO  User 'Alice' is allowed to use service 'status'
2022-11-24 14:42:47 INFO  printer1-There are 4 tasks in the Queue
2022-11-24 14:42:47 INFO  User 'Alice' is requesting the use of service 'restart'
2022-11-24 14:42:47 INFO  User 'Alice' is allowed to use service 'restart'
2022-11-24 14:42:47 INFO  printer1-The Queue is cleared
2022-11-24 14:42:47 INFO  printer2-The Queue is cleared
2022-11-24 14:42:48 INFO  User 'Alice' authenticate successfully
2022-11-24 14:42:48 INFO  User 'Alice' is requesting the use of service 'setConfig'
2022-11-24 14:42:48 INFO  User 'Alice' is allowed to use service 'setConfig'
2022-11-24 14:42:48 INFO  The 'paramAlice' configuration has been set to 'Alice'
2022-11-24 14:42:48 INFO  User 'Alice' is requesting the use of service 'readConfig'
2022-11-24 14:42:48 INFO  User 'Alice' is allowed to use service 'readConfig'
2022-11-24 14:42:48 INFO  The value of the paramAlice configuration is Alice.
2022-11-24 14:42:48 INFO  User 'Alice' is requesting the use of service 'stop'
2022-11-24 14:42:48 INFO  User 'Alice' is allowed to use service 'stop'
2022-11-24 14:44:44 INFO  User 'Alice' authenticate successfully
2022-11-24 14:44:44 INFO  User 'Alice' is requesting the use of service 'start'
2022-11-24 14:44:44 INFO  User 'Alice' is allowed to use service 'start'
2022-11-24 14:44:44 INFO  User 'George' authenticate successfully
2022-11-24 14:44:44 INFO  User 'George' is requesting the use of service 'print'
2022-11-24 14:44:45 INFO  User 'George' is allowed to use service 'print'
2022-11-24 14:44:45 INFO  printer1-file_George has been added to the printing queue
2022-11-24 14:44:45 INFO  User 'George' is requesting the use of service 'status'
2022-11-24 14:44:45 INFO  User 'George' is allowed to use service 'status'
2022-11-24 14:44:45 INFO  printer1-There are 1 tasks in the Queue
2022-11-24 14:44:45 INFO  User 'Henry' authenticate successfully
2022-11-24 14:44:45 INFO  User 'Henry' is requesting the use of service 'print'
2022-11-24 14:44:46 INFO  User 'Henry' is allowed to use service 'print'
2022-11-24 14:44:46 INFO  printer1-file_Henry has been added to the printing queue
2022-11-24 14:44:46 INFO  User 'Henry' is requesting the use of service 'stop'
2022-11-24 14:44:46 INFO  User 'Henry' is forbidden to use service 'stop'
2022-11-24 14:44:47 INFO  User 'Ida' authenticate successfully
2022-11-24 14:44:47 INFO  User 'Ida' is requesting the use of service 'print'
2022-11-24 14:44:47 INFO  User 'Ida' is allowed to use service 'print'
2022-11-24 14:44:47 INFO  printer1-file_Ida has been added to the printing queue
2022-11-24 14:44:47 INFO  User 'Ida' is requesting the use of service 'restart'
2022-11-24 14:44:47 INFO  User 'Ida' is allowed to use service 'restart'
2022-11-24 14:44:47 INFO  printer1-The Queue is cleared
2022-11-24 14:44:47 INFO  printer2-The Queue is cleared
